<html>
<body>
<pre>
<h1>µVision Build Log</h1>
<h2>Tool Versions:</h2>
IDE-Version: ¦ÌVision V5.36.0.0
Copyright (C) 2021 ARM Ltd and ARM Germany GmbH. All rights reserved.
License Information: SS FF, SS, LIC=PE7DL-0DMB0-742S0-BE4MA-4JUCX-WG6UJ
 
Tool Versions:
Toolchain:       MDK-ARM Plus  Version: 5.36.0.0
Toolchain Path:  D:\Keil_v5\ARM\ARMCC\Bin
C Compiler:      Armcc.exe V5.06 update 7 (build 960)
Assembler:       Armasm.exe V5.06 update 7 (build 960)
Linker/Locator:  ArmLink.exe V5.06 update 7 (build 960)
Library Manager: ArmAr.exe V5.06 update 7 (build 960)
Hex Converter:   FromElf.exe V5.06 update 7 (build 960)
CPU DLL:         SARMCM3.DLL V5.36.0.0
Dialog DLL:      DARMSTM.DLL V1.68.0.0
Target DLL:      STLink\ST-LINKIII-KEIL_SWO.dll V3.0.9.0
Dialog DLL:      TARMSTM.DLL V1.66.0.0
 
<h2>Project:</h2>
C:\Users\lenovo\Desktop\Projects\05_Sensor_Distance\05_Code_Sensor_Distance\USER\Sensor.uvprojx
Project File Date:  01/22/2024

<h2>Output:</h2>
*** Using Compiler 'V5.06 update 7 (build 960)', folder: 'D:\Keil_v5\ARM\ARMCC\Bin'
Build target 'Target 1'
compiling OLED.c...
OLED.h(1): error:  #20: identifier "ifndef" is undefined
  ifndef OLED_H_
OLED.h(2): error:  #65: expected a ";"
  define OLED_H_
..\CMSIS\stm32f10x.h(190): warning:  #12-D: parsing restarts here after previous syntax error
  } IRQn_Type;
..\CMSIS\core_cm3.h(1058): error:  #20: identifier "IRQn_Type" is undefined
  static __INLINE void NVIC_EnableIRQ(IRQn_Type IRQn)
..\CMSIS\core_cm3.h(1072): error:  #20: identifier "IRQn_Type" is undefined
  static __INLINE void NVIC_DisableIRQ(IRQn_Type IRQn)
..\CMSIS\core_cm3.h(1087): error:  #20: identifier "IRQn_Type" is undefined
  static __INLINE IRQn_Type NVIC_GetPendingIRQ(IRQn_Type IRQn)
..\CMSIS\core_cm3.h(1087): error:  #20: identifier "IRQn_Type" is undefined
  static __INLINE IRQn_Type NVIC_GetPendingIRQ(IRQn_Type IRQn)
..\CMSIS\core_cm3.h(1089): error:  #20: identifier "IRQn_Type" is undefined
    return((IRQn_Type) (NVIC->ISPR[(uint32_t)(IRQn) >> 5] & (1 << ((uint32_t)(IRQn) & 0x1F))));         /* Return Interrupt bit or 'zero' */
..\CMSIS\core_cm3.h(1101): error:  #20: identifier "IRQn_Type" is undefined
  static __INLINE void NVIC_SetPendingIRQ(IRQn_Type IRQn)
..\CMSIS\core_cm3.h(1115): error:  #20: identifier "IRQn_Type" is undefined
  static __INLINE void NVIC_ClearPendingIRQ(IRQn_Type IRQn)
..\CMSIS\core_cm3.h(1130): error:  #20: identifier "IRQn_Type" is undefined
  static __INLINE IRQn_Type NVIC_GetActive(IRQn_Type IRQn)
..\CMSIS\core_cm3.h(1130): error:  #20: identifier "IRQn_Type" is undefined
  static __INLINE IRQn_Type NVIC_GetActive(IRQn_Type IRQn)
..\CMSIS\core_cm3.h(1132): error:  #20: identifier "IRQn_Type" is undefined
    return((IRQn_Type)(NVIC->IABR[(uint32_t)(IRQn) >> 5] & (1 << ((uint32_t)(IRQn) & 0x1F))));                        /* Return Interruptnumber or 'zero' */
..\CMSIS\core_cm3.h(1148): error:  #20: identifier "IRQn_Type" is undefined
  static __INLINE void NVIC_SetPriority(IRQn_Type IRQn, int32_t priority)
..\CMSIS\core_cm3.h(1171): error:  #20: identifier "IRQn_Type" is undefined
  static __INLINE uint32_t NVIC_GetPriority(IRQn_Type IRQn)
..\CMSIS\core_cm3.h(1207): error:  #20: identifier "SysTick_IRQn" is undefined
    NVIC_SetPriority (SysTick_IRQn, (1<<__NVIC_PRIO_BITS) - 1);                               /* set Priority for Cortex-M0 System Interrupts */
OLED.h(8): warning:  #1-D: last line of file ends without a newline
  endif
OLED.h(8): error:  #77-D: this declaration has no storage class or type specifier
  endif
OLED.c(3): error:  #65: expected a ";"
  void OLED_I2C_Init(void)
OLED.c(84): warning:  #12-D: parsing restarts here after previous syntax error
  			Delay10us();
OLED.c(85): error:  #169: expected a declaration
  			return 0;
OLED.c(86): error:  #169: expected a declaration
  		}
OLED.c(89): warning:  #1295-D: Deprecated declaration Delay10us - give arg types
  	Delay10us();
OLED.c(89): error:  #260-D: explicit type is missing ("int" assumed)
  	Delay10us();
OLED.c(90): error:  #169: expected a declaration
   	return 1;		
OLED.c(91): warning:  #1-D: last line of file ends without a newline
  }
OLED.c(91): error:  #169: expected a declaration
  }
OLED.c: 5 warnings, 22 errors
".\Sensor.axf" - 22 Error(s), 5 Warning(s).

<h2>Software Packages used:</h2>

Package Vendor: Keil
                http://www.keil.com/pack/Keil.STM32F1xx_DFP.2.4.0.pack
                Keil.STM32F1xx_DFP.2.4.0
                STMicroelectronics STM32F1 Series Device Support, Drivers and Examples

<h2>Collection of Component include folders:</h2>
  C:\Users\lenovo\AppData\Local\Arm\Packs\Keil\STM32F1xx_DFP\2.4.0\Device\Include

<h2>Collection of Component Files used:</h2>
Target not created.
Build Time Elapsed:  00:00:06
</pre>
</body>
</html>
